Build started 29/10/2015 4:34:03 PM.
     1>Project "C:\Users\Jie\Dropbox\Nicholas oop\PlanetaryRover\PlanetaryRover\PlanetaryRover.vcxproj" on node 2 (Build target(s)).
     1>ClCompile:
         C:\Program Files (x86)\Microsoft Visual Studio 14.0\VC\bin\CL.exe /c /ZI /nologo /W3 /WX- /sdl /Od /Oy- /D WIN32 /D _DEBUG /D _CONSOLE /D _UNICODE /D UNICODE /Gm /EHsc /RTC1 /MDd /GS /fp:precise /Zc:wchar_t /Zc:forScope /Zc:inline /Yu"stdafx.h" /Fp"Debug\PlanetaryRover.pch" /Fo"Debug\\" /Fd"Debug\vc140.pdb" /Gd /TP /analyze- /errorReport:prompt TestRover.cpp
         TestRover.cpp
       Link:
         C:\Program Files (x86)\Microsoft Visual Studio 14.0\VC\bin\link.exe /ERRORREPORT:PROMPT /OUT:"C:\Users\Jie\Dropbox\Nicholas oop\PlanetaryRover\Debug\PlanetaryRover.exe" /INCREMENTAL /NOLOGO kernel32.lib user32.lib gdi32.lib winspool.lib comdlg32.lib advapi32.lib shell32.lib ole32.lib oleaut32.lib uuid.lib odbc32.lib odbccp32.lib /MANIFEST /MANIFESTUAC:"level='asInvoker' uiAccess='false'" /manifest:embed /Debug /PDB:"C:\Users\Jie\Dropbox\Nicholas oop\PlanetaryRover\Debug\PlanetaryRover.pdb" /SUBSYSTEM:CONSOLE /TLBID:1 /DYNAMICBASE /NXCOMPAT /IMPLIB:"C:\Users\Jie\Dropbox\Nicholas oop\PlanetaryRover\Debug\PlanetaryRover.lib" /MACHINE:X86 Debug\Battery.obj
         Debug\Device.obj
         Debug\Drill.obj
         Debug\Object.obj
         Debug\PlanetaryRover.obj
         Debug\Radar.obj
         Debug\Rover.obj
         Debug\SolarPanel.obj
         Debug\stdafx.obj
         Debug\TestRover.obj
         PlanetaryRover.vcxproj -> C:\Users\Jie\Dropbox\Nicholas oop\PlanetaryRover\Debug\PlanetaryRover.exe
     1>Done Building Project "C:\Users\Jie\Dropbox\Nicholas oop\PlanetaryRover\PlanetaryRover\PlanetaryRover.vcxproj" (Build target(s)).

Build succeeded.

Time Elapsed 00:00:01.24
