c:\users\jie\documents\visual studio 2015\projects\planetaryrover\planetaryrover\debug\planetaryrover.pch
c:\users\jie\documents\visual studio 2015\projects\planetaryrover\planetaryrover\debug\vc140.pdb
c:\users\jie\documents\visual studio 2015\projects\planetaryrover\planetaryrover\debug\vc140.idb
c:\users\jie\documents\visual studio 2015\projects\planetaryrover\planetaryrover\debug\stdafx.obj
c:\users\jie\documents\visual studio 2015\projects\planetaryrover\planetaryrover\debug\battery.obj
c:\users\jie\documents\visual studio 2015\projects\planetaryrover\planetaryrover\debug\drill.obj
c:\users\jie\documents\visual studio 2015\projects\planetaryrover\planetaryrover\debug\object.obj
c:\users\jie\documents\visual studio 2015\projects\planetaryrover\planetaryrover\debug\planetaryrover.obj
c:\users\jie\documents\visual studio 2015\projects\planetaryrover\planetaryrover\debug\rover.obj
c:\users\jie\documents\visual studio 2015\projects\planetaryrover\planetaryrover\debug\solarpanel.obj
c:\users\jie\documents\visual studio 2015\projects\planetaryrover\planetaryrover\debug\device.obj
c:\users\jie\dropbox\nicholas oop\planetaryrover\planetaryrover\debug\planetaryrover.pch
c:\users\jie\dropbox\nicholas oop\planetaryrover\planetaryrover\debug\vc140.pdb
c:\users\jie\dropbox\nicholas oop\planetaryrover\planetaryrover\debug\vc140.idb
c:\users\jie\dropbox\nicholas oop\planetaryrover\planetaryrover\debug\stdafx.obj
c:\users\jie\dropbox\nicholas oop\planetaryrover\planetaryrover\debug\battery.obj
c:\users\jie\dropbox\nicholas oop\planetaryrover\planetaryrover\debug\device.obj
c:\users\jie\dropbox\nicholas oop\planetaryrover\planetaryrover\debug\drill.obj
c:\users\jie\dropbox\nicholas oop\planetaryrover\planetaryrover\debug\object.obj
c:\users\jie\dropbox\nicholas oop\planetaryrover\planetaryrover\debug\planetaryrover.obj
c:\users\jie\dropbox\nicholas oop\planetaryrover\planetaryrover\debug\rover.obj
c:\users\jie\dropbox\nicholas oop\planetaryrover\planetaryrover\debug\solarpanel.obj
c:\users\jie\dropbox\nicholas oop\planetaryrover\planetaryrover\debug\testrover.obj
c:\users\jie\dropbox\nicholas oop\planetaryrover\planetaryrover\debug\radar.obj
c:\users\jie\dropbox\nicholas oop\planetaryrover\debug\planetaryrover.ilk
c:\users\jie\dropbox\nicholas oop\planetaryrover\debug\planetaryrover.exe
c:\users\jie\dropbox\nicholas oop\planetaryrover\debug\planetaryrover.pdb
c:\users\jie\dropbox\nicholas oop\planetaryrover\planetaryrover\debug\planetaryrover.tlog\cl.command.1.tlog
c:\users\jie\dropbox\nicholas oop\planetaryrover\planetaryrover\debug\planetaryrover.tlog\cl.read.1.tlog
c:\users\jie\dropbox\nicholas oop\planetaryrover\planetaryrover\debug\planetaryrover.tlog\cl.write.1.tlog
c:\users\jie\dropbox\nicholas oop\planetaryrover\planetaryrover\debug\planetaryrover.tlog\link.command.1.tlog
c:\users\jie\dropbox\nicholas oop\planetaryrover\planetaryrover\debug\planetaryrover.tlog\link.read.1.tlog
c:\users\jie\dropbox\nicholas oop\planetaryrover\planetaryrover\debug\planetaryrover.tlog\link.write.1.tlog
